<?xml version="1.0" encoding="UTF-8"?>
<!-- Generated by org.testng.reporters.JUnitReportReporter -->
<testsuite skipped="0" hostname="DESKTOP-G6T0SJ9" name="Test.TestRozetka" tests="3" failures="0" timestamp="23 июн 2019 21:28:10 GMT" time="34.003" errors="0">
  <testcase name="selectAirCond" time="8.597" classname="Test.TestRozetka"/>
  <testcase name="equalAirCond" time="7.243" classname="Test.TestRozetka"/>
  <testcase name="goToMainPage" time="18.163" classname="Test.TestRozetka"/>
</testsuite> <!-- Test.TestRozetka -->
