<?xml version="1.0" encoding="UTF-8"?>
<!-- Generated by org.testng.reporters.JUnitReportReporter -->
<testsuite skipped="0" hostname="DESKTOP-G6T0SJ9" name="Test.TestRozetka" tests="3" failures="0" timestamp="23 июн 2019 21:30:22 GMT" time="39.126" errors="0">
  <testcase name="equalAirCond" time="7.955" classname="Test.TestRozetka"/>
  <testcase name="goToMainPage" time="22.632" classname="Test.TestRozetka"/>
  <testcase name="selectAirCond" time="8.539" classname="Test.TestRozetka"/>
</testsuite> <!-- Test.TestRozetka -->
